<?xml version="1.0" encoding="UTF-8"?>
<coverage generated="1762160713534" clover="3.2.0">
  <project timestamp="1762160713534" name="All files">
    <metrics statements="17" coveredstatements="15" conditionals="8" coveredconditionals="4" methods="4" coveredmethods="4" elements="29" coveredelements="23" complexity="0" loc="17" ncloc="17" packages="1" files="1" classes="1"/>
    <file name="Login.jsx" path="C:\Users\USER\Desktop\proyecto final bootcamp\Recetas-Frontend\src\components\Login\Login.jsx">
      <metrics statements="17" coveredstatements="15" conditionals="8" coveredconditionals="4" methods="4" coveredmethods="4"/>
      <line num="7" count="7" type="stmt"/>
      <line num="8" count="7" type="stmt"/>
      <line num="9" count="7" type="stmt"/>
      <line num="11" count="7" type="stmt"/>
      <line num="12" count="1" type="stmt"/>
      <line num="13" count="1" type="stmt"/>
      <line num="15" count="1" type="stmt"/>
      <line num="16" count="1" type="stmt"/>
      <line num="17" count="1" type="cond" truecount="3" falsecount="1"/>
      <line num="18" count="1" type="stmt"/>
      <line num="19" count="1" type="stmt"/>
      <line num="20" count="1" type="stmt"/>
      <line num="22" count="0" type="stmt"/>
      <line num="25" count="0" type="cond" truecount="0" falsecount="2"/>
      <line num="29" count="7" type="stmt"/>
      <line num="41" count="2" type="stmt"/>
      <line num="51" count="1" type="stmt"/>
    </file>
  </project>
</coverage>
